<?xml version="1.0" encoding="UTF-8"?>
<robot generator="Robot 5.0.1 (Python 3.9.13 on win32)" generated="20230516 08:51:00.905" rpa="true" schemaversion="3">
<suite id="s1" name="My Test Case" source="C:\Users\jinso\OneDrive\바탕 화면\idea_modeler\idea_modeler\idea-rpa-modeler\frontend\my_test_case.robot">
<test id="s1-t1" name="New Task" line="5">
<kw name="Append Rows To Worksheet">
<arg>header=${true}</arg>
<arg>formattingAsEmpty=${true}</arg>
<arg>content=C:\\Users\\jinso\\OneDrive\\바탕 화면\\idea_modeler\\idea_modeler\\idea-rpa-modeler\\frontend</arg>
<arg>name=${TEMPDIR}</arg>
<arg>start=${SUITE DOCUMENTATION}</arg>
<msg timestamp="20230516 08:51:00.926" level="FAIL">No keyword with name 'Append Rows To Worksheet' found.</msg>
<status status="FAIL" starttime="20230516 08:51:00.926" endtime="20230516 08:51:00.926"/>
</kw>
<status status="FAIL" starttime="20230516 08:51:00.923" endtime="20230516 08:51:00.927">No keyword with name 'Append Rows To Worksheet' found.</status>
</test>
<test id="s1-t2" name="END" line="7">
<status status="FAIL" starttime="20230516 08:51:00.928" endtime="20230516 08:51:00.929">Task contains no keywords.</status>
</test>
<status status="FAIL" starttime="20230516 08:51:00.906" endtime="20230516 08:51:00.929"/>
</suite>
<statistics>
<total>
<stat pass="0" fail="2" skip="0">All Tasks</stat>
</total>
<tag>
</tag>
<suite>
<stat pass="0" fail="2" skip="0" id="s1" name="My Test Case">My Test Case</stat>
</suite>
</statistics>
<errors>
</errors>
</robot>
