<?xml version="1.0" encoding="UTF-8"?>
<robot generator="Robot 5.0.1 (Python 3.9.13 on win32)" generated="20230519 18:07:20.248" rpa="true" schemaversion="3">
<suite id="s1" name="My Test Case" source="C:\Users\mkayb\OneDrive\바탕 화면\idea_modeler\idea_modeler\frontend\my_test_case.robot">
<test id="s1-t1" name="New Task" line="5">
<kw name="Add Table Column">
<arg>table=C:\\Users\\mkayb\\OneDrive\\바탕 화면\\idea_modeler\\idea_modeler\\frontend</arg>
<msg timestamp="20230519 18:07:20.445" level="FAIL">No keyword with name 'Add Table Column' found.</msg>
<status status="FAIL" starttime="20230519 18:07:20.445" endtime="20230519 18:07:20.445"/>
</kw>
<status status="FAIL" starttime="20230519 18:07:20.431" endtime="20230519 18:07:20.448">No keyword with name 'Add Table Column' found.</status>
</test>
<test id="s1-t2" name="END" line="7">
<status status="FAIL" starttime="20230519 18:07:20.449" endtime="20230519 18:07:20.452">Task contains no keywords.</status>
</test>
<status status="FAIL" starttime="20230519 18:07:20.254" endtime="20230519 18:07:20.454"/>
</suite>
<statistics>
<total>
<stat pass="0" fail="2" skip="0">All Tasks</stat>
</total>
<tag>
</tag>
<suite>
<stat pass="0" fail="2" skip="0" id="s1" name="My Test Case">My Test Case</stat>
</suite>
</statistics>
<errors>
</errors>
</robot>
